<?xml version="1.0" encoding="UTF-8"?>
<!-- Generated by org.testng.reporters.JUnitXMLReporter -->
<testsuite ignored="0" hostname="BOOK-DA60ANED4E" failures="0" tests="12" name="Test" time="111.17" errors="0" timestamp="2023-11-06T12:45:32 CST">
  <testcase classname="com.tutorialninja.TestCases.RegisterTest" name="verifyingRegisterWithMandatoryFields" time="1.623"/>
  <testcase classname="com.tutorialninja.TestCases.RegisterTest" name="verifyingRegisterWithAllFields" time="3.742"/>
  <testcase classname="com.tutorialninja.TestCases.RegisterTest" name="verifyingRegisterWithExistingEmail" time="1.353"/>
  <testcase classname="com.tutorialninja.TestCases.RegisterTest" name="verifyingRegisterWithNoFields" time="0.647"/>
  <testcase classname="com.tutorialninja.TestCases.LogInnTest" name="verifyLoginWithValidCredentials" time="1.008"/>
  <testcase classname="com.tutorialninja.TestCases.LogInnTest" name="verifyLoginWithInvalidCredentials" time="0.652"/>
  <testcase classname="com.tutorialninja.TestCases.LogInnTest" name="verifyLoginWithValidEmailInvalidPassword" time="0.605"/>
  <testcase classname="com.tutorialninja.TestCases.LogInnTest" name="verifyLoginWithInvalidEmailValidPassword" time="0.621"/>
  <testcase classname="com.tutorialninja.TestCases.LogInnTest" name="verifyLoginWithNoCredentials" time="0.509"/>
  <testcase classname="com.tutorialninja.TestCases.SearchProductTest" name="verifySearchWithValidProduct" time="0.872"/>
  <testcase classname="com.tutorialninja.TestCases.SearchProductTest" name="verifySearchWithInvalidProduct" time="0.572"/>
  <testcase classname="com.tutorialninja.TestCases.SearchProductTest" name="verifySearchWithNoProduct" time="0.441"/>
</testsuite> <!-- Test -->
