<?xml version="1.0" encoding="UTF-8"?>
<testng-results ignored="0" total="12" passed="12" failed="0" skipped="0">
  <reporter-output>
  </reporter-output>
  <suite started-at="2023-11-06T12:43:41 CST" name="Suite" finished-at="2023-11-06T12:45:32 CST" duration-ms="111170">
    <groups>
    </groups>
    <test started-at="2023-11-06T12:43:41 CST" name="Test" finished-at="2023-11-06T12:45:32 CST" duration-ms="111170">
      <class name="com.tutorialninja.TestCases.RegisterTest">
        <test-method is-config="true" signature="registerSetUp()[pri:0, instance:com.tutorialninja.TestCases.RegisterTest@25084a1e]" started-at="2023-11-06T12:43:41 CST" name="registerSetUp" finished-at="2023-11-06T12:43:53 CST" duration-ms="12515" status="PASS">
          <reporter-output>
          </reporter-output>
        </test-method> <!-- registerSetUp -->
        <test-method signature="verifyingRegisterWithMandatoryFields()[pri:1, instance:com.tutorialninja.TestCases.RegisterTest@25084a1e]" started-at="2023-11-06T12:43:53 CST" name="verifyingRegisterWithMandatoryFields" finished-at="2023-11-06T12:43:55 CST" duration-ms="1623" status="PASS">
          <reporter-output>
          </reporter-output>
        </test-method> <!-- verifyingRegisterWithMandatoryFields -->
        <test-method is-config="true" signature="tearDown()[pri:0, instance:com.tutorialninja.TestCases.RegisterTest@25084a1e]" started-at="2023-11-06T12:43:55 CST" name="tearDown" finished-at="2023-11-06T12:43:55 CST" duration-ms="164" status="PASS">
          <reporter-output>
          </reporter-output>
        </test-method> <!-- tearDown -->
        <test-method is-config="true" signature="registerSetUp()[pri:0, instance:com.tutorialninja.TestCases.RegisterTest@25084a1e]" started-at="2023-11-06T12:43:55 CST" name="registerSetUp" finished-at="2023-11-06T12:44:02 CST" duration-ms="7389" status="PASS">
          <reporter-output>
          </reporter-output>
        </test-method> <!-- registerSetUp -->
        <test-method signature="verifyingRegisterWithAllFields()[pri:2, instance:com.tutorialninja.TestCases.RegisterTest@25084a1e]" started-at="2023-11-06T12:44:02 CST" name="verifyingRegisterWithAllFields" finished-at="2023-11-06T12:44:06 CST" duration-ms="3742" status="PASS">
          <reporter-output>
          </reporter-output>
        </test-method> <!-- verifyingRegisterWithAllFields -->
        <test-method is-config="true" signature="tearDown()[pri:0, instance:com.tutorialninja.TestCases.RegisterTest@25084a1e]" started-at="2023-11-06T12:44:06 CST" name="tearDown" finished-at="2023-11-06T12:44:06 CST" duration-ms="187" status="PASS">
          <reporter-output>
          </reporter-output>
        </test-method> <!-- tearDown -->
        <test-method is-config="true" signature="registerSetUp()[pri:0, instance:com.tutorialninja.TestCases.RegisterTest@25084a1e]" started-at="2023-11-06T12:44:06 CST" name="registerSetUp" finished-at="2023-11-06T12:44:13 CST" duration-ms="7197" status="PASS">
          <reporter-output>
          </reporter-output>
        </test-method> <!-- registerSetUp -->
        <test-method signature="verifyingRegisterWithExistingEmail()[pri:3, instance:com.tutorialninja.TestCases.RegisterTest@25084a1e]" started-at="2023-11-06T12:44:13 CST" name="verifyingRegisterWithExistingEmail" finished-at="2023-11-06T12:44:15 CST" duration-ms="1353" status="PASS">
          <reporter-output>
          </reporter-output>
        </test-method> <!-- verifyingRegisterWithExistingEmail -->
        <test-method is-config="true" signature="tearDown()[pri:0, instance:com.tutorialninja.TestCases.RegisterTest@25084a1e]" started-at="2023-11-06T12:44:15 CST" name="tearDown" finished-at="2023-11-06T12:44:15 CST" duration-ms="150" status="PASS">
          <reporter-output>
          </reporter-output>
        </test-method> <!-- tearDown -->
        <test-method is-config="true" signature="registerSetUp()[pri:0, instance:com.tutorialninja.TestCases.RegisterTest@25084a1e]" started-at="2023-11-06T12:44:15 CST" name="registerSetUp" finished-at="2023-11-06T12:44:27 CST" duration-ms="11920" status="PASS">
          <reporter-output>
          </reporter-output>
        </test-method> <!-- registerSetUp -->
        <test-method signature="verifyingRegisterWithNoFields()[pri:4, instance:com.tutorialninja.TestCases.RegisterTest@25084a1e]" started-at="2023-11-06T12:44:27 CST" name="verifyingRegisterWithNoFields" finished-at="2023-11-06T12:44:28 CST" duration-ms="647" status="PASS">
          <reporter-output>
          </reporter-output>
        </test-method> <!-- verifyingRegisterWithNoFields -->
        <test-method is-config="true" signature="tearDown()[pri:0, instance:com.tutorialninja.TestCases.RegisterTest@25084a1e]" started-at="2023-11-06T12:44:28 CST" name="tearDown" finished-at="2023-11-06T12:44:28 CST" duration-ms="129" status="PASS">
          <reporter-output>
          </reporter-output>
        </test-method> <!-- tearDown -->
      </class> <!-- com.tutorialninja.TestCases.RegisterTest -->
      <class name="com.tutorialninja.TestCases.SearchProductTest">
        <test-method is-config="true" signature="registerSetup()[pri:0, instance:com.tutorialninja.TestCases.SearchProductTest@c88a337]" started-at="2023-11-06T12:45:09 CST" name="registerSetup" finished-at="2023-11-06T12:45:16 CST" duration-ms="7051" status="PASS">
          <reporter-output>
          </reporter-output>
        </test-method> <!-- registerSetup -->
        <test-method signature="verifySearchWithValidProduct()[pri:1, instance:com.tutorialninja.TestCases.SearchProductTest@c88a337]" started-at="2023-11-06T12:45:16 CST" name="verifySearchWithValidProduct" finished-at="2023-11-06T12:45:17 CST" duration-ms="872" status="PASS">
          <reporter-output>
          </reporter-output>
        </test-method> <!-- verifySearchWithValidProduct -->
        <test-method is-config="true" signature="tearDown()[pri:0, instance:com.tutorialninja.TestCases.SearchProductTest@c88a337]" started-at="2023-11-06T12:45:17 CST" name="tearDown" finished-at="2023-11-06T12:45:17 CST" duration-ms="118" status="PASS">
          <reporter-output>
          </reporter-output>
        </test-method> <!-- tearDown -->
        <test-method is-config="true" signature="registerSetup()[pri:0, instance:com.tutorialninja.TestCases.SearchProductTest@c88a337]" started-at="2023-11-06T12:45:17 CST" name="registerSetup" finished-at="2023-11-06T12:45:24 CST" duration-ms="6855" status="PASS">
          <reporter-output>
          </reporter-output>
        </test-method> <!-- registerSetup -->
        <test-method signature="verifySearchWithInvalidProduct()[pri:2, instance:com.tutorialninja.TestCases.SearchProductTest@c88a337]" started-at="2023-11-06T12:45:24 CST" name="verifySearchWithInvalidProduct" finished-at="2023-11-06T12:45:25 CST" duration-ms="572" status="PASS">
          <reporter-output>
          </reporter-output>
        </test-method> <!-- verifySearchWithInvalidProduct -->
        <test-method is-config="true" signature="tearDown()[pri:0, instance:com.tutorialninja.TestCases.SearchProductTest@c88a337]" started-at="2023-11-06T12:45:25 CST" name="tearDown" finished-at="2023-11-06T12:45:25 CST" duration-ms="77" status="PASS">
          <reporter-output>
          </reporter-output>
        </test-method> <!-- tearDown -->
        <test-method is-config="true" signature="registerSetup()[pri:0, instance:com.tutorialninja.TestCases.SearchProductTest@c88a337]" started-at="2023-11-06T12:45:25 CST" name="registerSetup" finished-at="2023-11-06T12:45:31 CST" duration-ms="6439" status="PASS">
          <reporter-output>
          </reporter-output>
        </test-method> <!-- registerSetup -->
        <test-method signature="verifySearchWithNoProduct()[pri:3, instance:com.tutorialninja.TestCases.SearchProductTest@c88a337]" started-at="2023-11-06T12:45:31 CST" name="verifySearchWithNoProduct" finished-at="2023-11-06T12:45:32 CST" duration-ms="441" status="PASS">
          <reporter-output>
          </reporter-output>
        </test-method> <!-- verifySearchWithNoProduct -->
        <test-method is-config="true" signature="tearDown()[pri:0, instance:com.tutorialninja.TestCases.SearchProductTest@c88a337]" started-at="2023-11-06T12:45:32 CST" name="tearDown" finished-at="2023-11-06T12:45:32 CST" duration-ms="108" status="PASS">
          <reporter-output>
          </reporter-output>
        </test-method> <!-- tearDown -->
      </class> <!-- com.tutorialninja.TestCases.SearchProductTest -->
      <class name="com.tutorialninja.TestCases.LogInnTest">
        <test-method is-config="true" signature="loginSetUp()[pri:0, instance:com.tutorialninja.TestCases.LogInnTest@342c38f8]" started-at="2023-11-06T12:44:28 CST" name="loginSetUp" finished-at="2023-11-06T12:44:35 CST" duration-ms="6849" status="PASS">
          <reporter-output>
          </reporter-output>
        </test-method> <!-- loginSetUp -->
        <test-method signature="verifyLoginWithValidCredentials()[pri:1, instance:com.tutorialninja.TestCases.LogInnTest@342c38f8]" started-at="2023-11-06T12:44:35 CST" name="verifyLoginWithValidCredentials" finished-at="2023-11-06T12:44:36 CST" duration-ms="1008" status="PASS">
          <reporter-output>
          </reporter-output>
        </test-method> <!-- verifyLoginWithValidCredentials -->
        <test-method is-config="true" signature="tearDown()[pri:0, instance:com.tutorialninja.TestCases.LogInnTest@342c38f8]" started-at="2023-11-06T12:44:36 CST" name="tearDown" finished-at="2023-11-06T12:44:36 CST" duration-ms="124" status="PASS">
          <reporter-output>
          </reporter-output>
        </test-method> <!-- tearDown -->
        <test-method is-config="true" signature="loginSetUp()[pri:0, instance:com.tutorialninja.TestCases.LogInnTest@342c38f8]" started-at="2023-11-06T12:44:36 CST" name="loginSetUp" finished-at="2023-11-06T12:44:44 CST" duration-ms="8686" status="PASS">
          <reporter-output>
          </reporter-output>
        </test-method> <!-- loginSetUp -->
        <test-method signature="verifyLoginWithInvalidCredentials()[pri:2, instance:com.tutorialninja.TestCases.LogInnTest@342c38f8]" started-at="2023-11-06T12:44:44 CST" name="verifyLoginWithInvalidCredentials" finished-at="2023-11-06T12:44:45 CST" duration-ms="652" status="PASS">
          <reporter-output>
          </reporter-output>
        </test-method> <!-- verifyLoginWithInvalidCredentials -->
        <test-method is-config="true" signature="tearDown()[pri:0, instance:com.tutorialninja.TestCases.LogInnTest@342c38f8]" started-at="2023-11-06T12:44:45 CST" name="tearDown" finished-at="2023-11-06T12:44:45 CST" duration-ms="135" status="PASS">
          <reporter-output>
          </reporter-output>
        </test-method> <!-- tearDown -->
        <test-method is-config="true" signature="loginSetUp()[pri:0, instance:com.tutorialninja.TestCases.LogInnTest@342c38f8]" started-at="2023-11-06T12:44:45 CST" name="loginSetUp" finished-at="2023-11-06T12:44:53 CST" duration-ms="7620" status="PASS">
          <reporter-output>
          </reporter-output>
        </test-method> <!-- loginSetUp -->
        <test-method signature="verifyLoginWithValidEmailInvalidPassword()[pri:3, instance:com.tutorialninja.TestCases.LogInnTest@342c38f8]" started-at="2023-11-06T12:44:53 CST" name="verifyLoginWithValidEmailInvalidPassword" finished-at="2023-11-06T12:44:53 CST" duration-ms="605" status="PASS">
          <reporter-output>
          </reporter-output>
        </test-method> <!-- verifyLoginWithValidEmailInvalidPassword -->
        <test-method is-config="true" signature="tearDown()[pri:0, instance:com.tutorialninja.TestCases.LogInnTest@342c38f8]" started-at="2023-11-06T12:44:53 CST" name="tearDown" finished-at="2023-11-06T12:44:53 CST" duration-ms="130" status="PASS">
          <reporter-output>
          </reporter-output>
        </test-method> <!-- tearDown -->
        <test-method is-config="true" signature="loginSetUp()[pri:0, instance:com.tutorialninja.TestCases.LogInnTest@342c38f8]" started-at="2023-11-06T12:44:53 CST" name="loginSetUp" finished-at="2023-11-06T12:45:01 CST" duration-ms="7086" status="PASS">
          <reporter-output>
          </reporter-output>
        </test-method> <!-- loginSetUp -->
        <test-method signature="verifyLoginWithInvalidEmailValidPassword()[pri:4, instance:com.tutorialninja.TestCases.LogInnTest@342c38f8]" started-at="2023-11-06T12:45:01 CST" name="verifyLoginWithInvalidEmailValidPassword" finished-at="2023-11-06T12:45:01 CST" duration-ms="621" status="PASS">
          <reporter-output>
          </reporter-output>
        </test-method> <!-- verifyLoginWithInvalidEmailValidPassword -->
        <test-method is-config="true" signature="tearDown()[pri:0, instance:com.tutorialninja.TestCases.LogInnTest@342c38f8]" started-at="2023-11-06T12:45:01 CST" name="tearDown" finished-at="2023-11-06T12:45:01 CST" duration-ms="130" status="PASS">
          <reporter-output>
          </reporter-output>
        </test-method> <!-- tearDown -->
        <test-method is-config="true" signature="loginSetUp()[pri:0, instance:com.tutorialninja.TestCases.LogInnTest@342c38f8]" started-at="2023-11-06T12:45:01 CST" name="loginSetUp" finished-at="2023-11-06T12:45:09 CST" duration-ms="7295" status="PASS">
          <reporter-output>
          </reporter-output>
        </test-method> <!-- loginSetUp -->
        <test-method signature="verifyLoginWithNoCredentials()[pri:5, instance:com.tutorialninja.TestCases.LogInnTest@342c38f8]" started-at="2023-11-06T12:45:09 CST" name="verifyLoginWithNoCredentials" finished-at="2023-11-06T12:45:09 CST" duration-ms="509" status="PASS">
          <reporter-output>
          </reporter-output>
        </test-method> <!-- verifyLoginWithNoCredentials -->
        <test-method is-config="true" signature="tearDown()[pri:0, instance:com.tutorialninja.TestCases.LogInnTest@342c38f8]" started-at="2023-11-06T12:45:09 CST" name="tearDown" finished-at="2023-11-06T12:45:09 CST" duration-ms="107" status="PASS">
          <reporter-output>
          </reporter-output>
        </test-method> <!-- tearDown -->
      </class> <!-- com.tutorialninja.TestCases.LogInnTest -->
    </test> <!-- Test -->
  </suite> <!-- Suite -->
</testng-results>
